"C:/Users/Devin Sherry/Documents/Unreal Projects/RadialImpact 4.3/RadialImpact.uproject" 1
"../../../Engine/Plugins/Developer/BlankPlugin/BlankPlugin.uplugin" 2
"../../../Engine/Plugins/Developer/PerforceSourceControl/PerforceSourceControl.uplugin" 3
"../../../Engine/Plugins/Developer/SubversionSourceControl/SubversionSourceControl.uplugin" 4
"../../../Engine/Plugins/Developer/UObjectPlugin/UObjectPlugin.uplugin" 5
"../../../Engine/Plugins/Developer/VisualStudioSourceCodeAccess/VisualStudioSourceCodeAccess.uplugin" 6
"../../../Engine/Plugins/Developer/XCodeSourceCodeAccess/XCodeSourceCodeAccess.uplugin" 7
"../../../Engine/Plugins/Editor/EpicSurvey/EpicSurvey.uplugin" 8
"../../../Engine/Plugins/Editor/PluginsEditor/PluginsEditor.uplugin" 9
"../../../Engine/Plugins/Editor/SpeedTreeImporter/SpeedTreeImporter.uplugin" 10
"../../../Engine/Plugins/Experimental/BlueprintStats/BlueprintStats.uplugin" 11
"../../../Engine/Plugins/Experimental/CodeView/CodeView.uplugin" 12
"../../../Engine/Plugins/Experimental/LiveEditor/LiveEditor.uplugin" 13
"../../../Engine/Plugins/Experimental/Paper2D/Paper2D.uplugin" 14
"../../../Engine/Plugins/Experimental/Phya/Phya.uplugin" 15
"../../../Engine/Plugins/Messaging/MessagingDebugger/MessagingDebugger.uplugin" 16
"../../../Engine/Plugins/Messaging/UdpMessaging/UdpMessaging.uplugin" 17
"../../../Engine/Plugins/OculusRift/OculusRift.uplugin" 18
"../../../Engine/Plugins/Runtime/Advertising/IOSTapJoy/IOSTapJoy.uplugin" 19
"../../../Engine/Plugins/Runtime/AndroidDeviceProfileSelector/AndroidDeviceProfileSelector.uplugin" 20
"../../../Engine/Plugins/Runtime/AppleMoviePlayer/AppleMoviePlayer.uplugin" 21
"../../../Engine/Plugins/Runtime/CableComponent/CableComponent.uplugin" 22
"../../../Engine/Plugins/Runtime/CustomMeshComponent/CustomMeshComponent.uplugin" 23
"../../../Engine/Plugins/Runtime/ExampleDeviceProfileSelector/ExampleDeviceProfileSelector.uplugin" 24
"../../../Engine/Plugins/Runtime/IOSDeviceProfileSelector/IOSDeviceProfileSelector.uplugin" 25
"../../../Engine/Plugins/Runtime/LiveEditorListenServer/LiveEditorListenServer.uplugin" 26
"../../../Engine/Plugins/Runtime/SoundMod/SoundMod.uplugin" 27
"../../../Engine/Plugins/Runtime/SoundVisualizations/SoundVisualizations.uplugin" 28
"../../../Engine/Plugins/Runtime/WindowsDeviceProfileSelector/WindowsDeviceProfileSelector.uplugin" 29
"../../../Engine/Plugins/Runtime/WindowsMoviePlayer/WindowsMoviePlayer.uplugin" 30
"../../../Engine/Plugins/Script/ScriptEditorPlugin/ScriptEditorPlugin.uplugin" 31
"../../../Engine/Plugins/Script/ScriptGeneratorPlugin/ScriptGeneratorPlugin.uplugin" 32
"../../../Engine/Plugins/Script/ScriptPlugin/ScriptPlugin.uplugin" 33
"../../../Engine/Plugins/Slate/SlateRemote/SlateRemote.uplugin" 34
"..\..\..\Engine\Content\Localization\ICU\icudt53l\cnvalias.icu" 35
"..\..\..\Engine\Content\Localization\ICU\icudt53l\res_index.res" 36
"..\..\..\Engine\Content\Localization\ICU\icudt53l\coll\ucadata.icu" 37
"..\..\..\Engine\Content\Localization\ICU\icudt53l\nfc.nrm" 38
"..\..\..\Engine\Content\Localization\ICU\icudt53l\coll\de.res" 39
"..\..\..\Engine\Content\Localization\ICU\icudt53l\coll\root.res" 40
"..\..\..\Engine\Content\Localization\ICU\icudt53l\de.res" 41
"..\..\..\Engine\Content\Localization\ICU\icudt53l\pool.res" 42
"..\..\..\Engine\Content\Localization\ICU\icudt53l\root.res" 43
"..\..\..\Engine\Content\Localization\ICU\icudt53l\numberingSystems.res" 44
"..\..\..\Engine\Content\Localization\ICU\icudt53l\curr\supplementalData.res" 45
"..\..\..\Engine\Content\Localization\ICU\icudt53l\curr\pool.res" 46
"..\..\..\Engine\Content\Localization\ICU\icudt53l\curr\de.res" 47
"..\..\..\Engine\Content\Localization\ICU\icudt53l\curr\root.res" 48
"..\..\..\Engine\Content\Localization\ICU\icudt53l\en_US.res" 49
"..\..\..\Engine\Content\Localization\ICU\icudt53l\en.res" 50
"..\..\..\Engine\Content\Localization\ICU\icudt53l\plurals.res" 51
"..\..\..\Engine\Content\Localization\ICU\icudt53l\windowsZones.res" 52
"..\..\..\Engine\Content\Localization\ICU\icudt53l\zoneinfo64.res" 53
"..\..\..\Engine\Content\Localization\ICU\icudt53l\keyTypeData.res" 54
"..\..\..\Engine\Content\Localization\ICU\icudt53l\timezoneTypes.res" 55
"..\..\..\Engine\Content\Localization\ICU\icudt53l\likelySubtags.res" 56
"..\..\..\Engine\Content\Localization\ICU\icudt53l\supplementalData.res" 57
"..\..\..\Engine\Content\Localization\ICU\icudt53l\de_DE.res" 58
"..\..\..\Engine\Content\Localization\ICU\icudt53l\de_AT.res" 59
"..\..\..\Engine\Content\Localization\ICU\icudt53l\de_BE.res" 60
"..\..\..\Engine\Content\Localization\ICU\icudt53l\de_CH.res" 61
"..\..\..\Engine\Content\Localization\ICU\icudt53l\curr\de_CH.res" 62
"..\..\..\Engine\Content\Localization\ICU\icudt53l\de_LI.res" 63
"..\..\..\Engine\Content\Localization\ICU\icudt53l\de_LU.res" 64
"..\..\..\Engine\Content\Localization\ICU\icudt53l\curr\de_LU.res" 65
"..\..\..\Engine\Content\Localization\ICU\icudt53l\coll\en.res" 66
"..\..\..\Engine\Content\Localization\ICU\icudt53l\curr\en.res" 67
"..\..\..\Engine\Content\Localization\ICU\icudt53l\en_001.res" 68
"..\..\..\Engine\Content\Localization\ICU\icudt53l\curr\en_001.res" 69
"..\..\..\Engine\Content\Localization\ICU\icudt53l\en_150.res" 70
"..\..\..\Engine\Content\Localization\ICU\icudt53l\en_GB.res" 71
"..\..\..\Engine\Content\Localization\ICU\icudt53l\curr\en_150.res" 72
"..\..\..\Engine\Content\Localization\ICU\icudt53l\curr\en_GB.res" 73
"..\..\..\Engine\Content\Localization\ICU\icudt53l\en_AG.res" 74
"..\..\..\Engine\Content\Localization\ICU\icudt53l\curr\en_AG.res" 75
"..\..\..\Engine\Content\Localization\ICU\icudt53l\en_AI.res" 76
"..\..\..\Engine\Content\Localization\ICU\icudt53l\curr\en_AI.res" 77
"..\..\..\Engine\Content\Localization\ICU\icudt53l\en_AS.res" 78
"..\..\..\Engine\Content\Localization\ICU\icudt53l\en_AU.res" 79
"..\..\..\Engine\Content\Localization\ICU\icudt53l\curr\en_AU.res" 80
"..\..\..\Engine\Content\Localization\ICU\icudt53l\en_BB.res" 81
"..\..\..\Engine\Content\Localization\ICU\icudt53l\curr\en_BB.res" 82
"..\..\..\Engine\Content\Localization\ICU\icudt53l\en_BE.res" 83
"..\..\..\Engine\Content\Localization\ICU\icudt53l\curr\en_BE.res" 84
"..\..\..\Engine\Content\Localization\ICU\icudt53l\en_BM.res" 85
"..\..\..\Engine\Content\Localization\ICU\icudt53l\curr\en_BM.res" 86
"..\..\..\Engine\Content\Localization\ICU\icudt53l\en_BS.res" 87
"..\..\..\Engine\Content\Localization\ICU\icudt53l\curr\en_BS.res" 88
"..\..\..\Engine\Content\Localization\ICU\icudt53l\en_BW.res" 89
"..\..\..\Engine\Content\Localization\ICU\icudt53l\curr\en_BW.res" 90
"..\..\..\Engine\Content\Localization\ICU\icudt53l\en_BZ.res" 91
"..\..\..\Engine\Content\Localization\ICU\icudt53l\curr\en_BZ.res" 92
"..\..\..\Engine\Content\Localization\ICU\icudt53l\en_CA.res" 93
"..\..\..\Engine\Content\Localization\ICU\icudt53l\curr\en_CA.res" 94
"..\..\..\Engine\Content\Localization\ICU\icudt53l\en_CC.res" 95
"..\..\..\Engine\Content\Localization\ICU\icudt53l\curr\en_CC.res" 96
"..\..\..\Engine\Content\Localization\ICU\icudt53l\en_CK.res" 97
"..\..\..\Engine\Content\Localization\ICU\icudt53l\curr\en_CK.res" 98
"..\..\..\Engine\Content\Localization\ICU\icudt53l\en_CM.res" 99
"..\..\..\Engine\Content\Localization\ICU\icudt53l\curr\en_CM.res" 100
"..\..\..\Engine\Content\Localization\ICU\icudt53l\en_CX.res" 101
"..\..\..\Engine\Content\Localization\ICU\icudt53l\curr\en_CX.res" 102
"..\..\..\Engine\Content\Localization\ICU\icudt53l\en_DG.res" 103
"..\..\..\Engine\Content\Localization\ICU\icudt53l\curr\en_DG.res" 104
"..\..\..\Engine\Content\Localization\ICU\icudt53l\en_DM.res" 105
"..\..\..\Engine\Content\Localization\ICU\icudt53l\curr\en_DM.res" 106
"..\..\..\Engine\Content\Localization\ICU\icudt53l\en_ER.res" 107
"..\..\..\Engine\Content\Localization\ICU\icudt53l\curr\en_ER.res" 108
"..\..\..\Engine\Content\Localization\ICU\icudt53l\en_FJ.res" 109
"..\..\..\Engine\Content\Localization\ICU\icudt53l\curr\en_FJ.res" 110
"..\..\..\Engine\Content\Localization\ICU\icudt53l\en_FK.res" 111
"..\..\..\Engine\Content\Localization\ICU\icudt53l\curr\en_FK.res" 112
"..\..\..\Engine\Content\Localization\ICU\icudt53l\en_FM.res" 113
"..\..\..\Engine\Content\Localization\ICU\icudt53l\curr\en_FM.res" 114
"..\..\..\Engine\Content\Localization\ICU\icudt53l\en_GD.res" 115
"..\..\..\Engine\Content\Localization\ICU\icudt53l\curr\en_GD.res" 116
"..\..\..\Engine\Content\Localization\ICU\icudt53l\en_GG.res" 117
"..\..\..\Engine\Content\Localization\ICU\icudt53l\curr\en_GG.res" 118
"..\..\..\Engine\Content\Localization\ICU\icudt53l\en_GH.res" 119
"..\..\..\Engine\Content\Localization\ICU\icudt53l\curr\en_GH.res" 120
"..\..\..\Engine\Content\Localization\ICU\icudt53l\en_GI.res" 121
"..\..\..\Engine\Content\Localization\ICU\icudt53l\curr\en_GI.res" 122
"..\..\..\Engine\Content\Localization\ICU\icudt53l\en_GM.res" 123
"..\..\..\Engine\Content\Localization\ICU\icudt53l\curr\en_GM.res" 124
"..\..\..\Engine\Content\Localization\ICU\icudt53l\en_GU.res" 125
"..\..\..\Engine\Content\Localization\ICU\icudt53l\en_GY.res" 126
"..\..\..\Engine\Content\Localization\ICU\icudt53l\curr\en_GY.res" 127
"..\..\..\Engine\Content\Localization\ICU\icudt53l\en_HK.res" 128
"..\..\..\Engine\Content\Localization\ICU\icudt53l\curr\en_HK.res" 129
"..\..\..\Engine\Content\Localization\ICU\icudt53l\en_IE.res" 130
"..\..\..\Engine\Content\Localization\ICU\icudt53l\curr\en_IE.res" 131
"..\..\..\Engine\Content\Localization\ICU\icudt53l\en_IM.res" 132
"..\..\..\Engine\Content\Localization\ICU\icudt53l\curr\en_IM.res" 133
"..\..\..\Engine\Content\Localization\ICU\icudt53l\en_IN.res" 134
"..\..\..\Engine\Content\Localization\ICU\icudt53l\curr\en_IN.res" 135
"..\..\..\Engine\Content\Localization\ICU\icudt53l\en_IO.res" 136
"..\..\..\Engine\Content\Localization\ICU\icudt53l\curr\en_IO.res" 137
"..\..\..\Engine\Content\Localization\ICU\icudt53l\en_JE.res" 138
"..\..\..\Engine\Content\Localization\ICU\icudt53l\curr\en_JE.res" 139
"..\..\..\Engine\Content\Localization\ICU\icudt53l\en_JM.res" 140
"..\..\..\Engine\Content\Localization\ICU\icudt53l\curr\en_JM.res" 141
"..\..\..\Engine\Content\Localization\ICU\icudt53l\en_KE.res" 142
"..\..\..\Engine\Content\Localization\ICU\icudt53l\curr\en_KE.res" 143
"..\..\..\Engine\Content\Localization\ICU\icudt53l\en_KI.res" 144
"..\..\..\Engine\Content\Localization\ICU\icudt53l\curr\en_KI.res" 145
"..\..\..\Engine\Content\Localization\ICU\icudt53l\en_KN.res" 146
"..\..\..\Engine\Content\Localization\ICU\icudt53l\curr\en_KN.res" 147
"..\..\..\Engine\Content\Localization\ICU\icudt53l\en_KY.res" 148
"..\..\..\Engine\Content\Localization\ICU\icudt53l\curr\en_KY.res" 149
"..\..\..\Engine\Content\Localization\ICU\icudt53l\en_LC.res" 150
"..\..\..\Engine\Content\Localization\ICU\icudt53l\curr\en_LC.res" 151
"..\..\..\Engine\Content\Localization\ICU\icudt53l\en_LR.res" 152
"..\..\..\Engine\Content\Localization\ICU\icudt53l\curr\en_LR.res" 153
"..\..\..\Engine\Content\Localization\ICU\icudt53l\en_LS.res" 154
"..\..\..\Engine\Content\Localization\ICU\icudt53l\curr\en_LS.res" 155
"..\..\..\Engine\Content\Localization\ICU\icudt53l\en_MG.res" 156
"..\..\..\Engine\Content\Localization\ICU\icudt53l\curr\en_MG.res" 157
"..\..\..\Engine\Content\Localization\ICU\icudt53l\en_MH.res" 158
"..\..\..\Engine\Content\Localization\ICU\icudt53l\en_MO.res" 159
"..\..\..\Engine\Content\Localization\ICU\icudt53l\curr\en_MO.res" 160
"..\..\..\Engine\Content\Localization\ICU\icudt53l\en_MP.res" 161
"..\..\..\Engine\Content\Localization\ICU\icudt53l\en_MS.res" 162
"..\..\..\Engine\Content\Localization\ICU\icudt53l\curr\en_MS.res" 163
"..\..\..\Engine\Content\Localization\ICU\icudt53l\en_MT.res" 164
"..\..\..\Engine\Content\Localization\ICU\icudt53l\curr\en_MT.res" 165
"..\..\..\Engine\Content\Localization\ICU\icudt53l\en_MU.res" 166
"..\..\..\Engine\Content\Localization\ICU\icudt53l\curr\en_MU.res" 167
"..\..\..\Engine\Content\Localization\ICU\icudt53l\en_MW.res" 168
"..\..\..\Engine\Content\Localization\ICU\icudt53l\curr\en_MW.res" 169
"..\..\..\Engine\Content\Localization\ICU\icudt53l\en_NA.res" 170
"..\..\..\Engine\Content\Localization\ICU\icudt53l\curr\en_NA.res" 171
"..\..\..\Engine\Content\Localization\ICU\icudt53l\en_NF.res" 172
"..\..\..\Engine\Content\Localization\ICU\icudt53l\curr\en_NF.res" 173
"..\..\..\Engine\Content\Localization\ICU\icudt53l\en_NG.res" 174
"..\..\..\Engine\Content\Localization\ICU\icudt53l\curr\en_NG.res" 175
"..\..\..\Engine\Content\Localization\ICU\icudt53l\en_NR.res" 176
"..\..\..\Engine\Content\Localization\ICU\icudt53l\curr\en_NR.res" 177
"..\..\..\Engine\Content\Localization\ICU\icudt53l\en_NU.res" 178
"..\..\..\Engine\Content\Localization\ICU\icudt53l\curr\en_NU.res" 179
"..\..\..\Engine\Content\Localization\ICU\icudt53l\en_NZ.res" 180
"..\..\..\Engine\Content\Localization\ICU\icudt53l\curr\en_NZ.res" 181
"..\..\..\Engine\Content\Localization\ICU\icudt53l\en_PG.res" 182
"..\..\..\Engine\Content\Localization\ICU\icudt53l\curr\en_PG.res" 183
"..\..\..\Engine\Content\Localization\ICU\icudt53l\en_PH.res" 184
"..\..\..\Engine\Content\Localization\ICU\icudt53l\curr\en_PH.res" 185
"..\..\..\Engine\Content\Localization\ICU\icudt53l\en_PK.res" 186
"..\..\..\Engine\Content\Localization\ICU\icudt53l\curr\en_PK.res" 187
"..\..\..\Engine\Content\Localization\ICU\icudt53l\en_PN.res" 188
"..\..\..\Engine\Content\Localization\ICU\icudt53l\curr\en_PN.res" 189
"..\..\..\Engine\Content\Localization\ICU\icudt53l\en_PR.res" 190
"..\..\..\Engine\Content\Localization\ICU\icudt53l\en_PW.res" 191
"..\..\..\Engine\Content\Localization\ICU\icudt53l\curr\en_PW.res" 192
"..\..\..\Engine\Content\Localization\ICU\icudt53l\en_RW.res" 193
"..\..\..\Engine\Content\Localization\ICU\icudt53l\curr\en_RW.res" 194
"..\..\..\Engine\Content\Localization\ICU\icudt53l\en_SB.res" 195
"..\..\..\Engine\Content\Localization\ICU\icudt53l\curr\en_SB.res" 196
"..\..\..\Engine\Content\Localization\ICU\icudt53l\en_SC.res" 197
"..\..\..\Engine\Content\Localization\ICU\icudt53l\curr\en_SC.res" 198
"..\..\..\Engine\Content\Localization\ICU\icudt53l\en_SD.res" 199
"..\..\..\Engine\Content\Localization\ICU\icudt53l\curr\en_SD.res" 200
"..\..\..\Engine\Content\Localization\ICU\icudt53l\en_SG.res" 201
"..\..\..\Engine\Content\Localization\ICU\icudt53l\curr\en_SG.res" 202
"..\..\..\Engine\Content\Localization\ICU\icudt53l\en_SH.res" 203
"..\..\..\Engine\Content\Localization\ICU\icudt53l\curr\en_SH.res" 204
"..\..\..\Engine\Content\Localization\ICU\icudt53l\en_SL.res" 205
"..\..\..\Engine\Content\Localization\ICU\icudt53l\curr\en_SL.res" 206
"..\..\..\Engine\Content\Localization\ICU\icudt53l\en_SS.res" 207
"..\..\..\Engine\Content\Localization\ICU\icudt53l\curr\en_SS.res" 208
"..\..\..\Engine\Content\Localization\ICU\icudt53l\en_SX.res" 209
"..\..\..\Engine\Content\Localization\ICU\icudt53l\curr\en_SX.res" 210
"..\..\..\Engine\Content\Localization\ICU\icudt53l\en_SZ.res" 211
"..\..\..\Engine\Content\Localization\ICU\icudt53l\curr\en_SZ.res" 212
"..\..\..\Engine\Content\Localization\ICU\icudt53l\en_TC.res" 213
"..\..\..\Engine\Content\Localization\ICU\icudt53l\curr\en_TC.res" 214
"..\..\..\Engine\Content\Localization\ICU\icudt53l\en_TK.res" 215
"..\..\..\Engine\Content\Localization\ICU\icudt53l\curr\en_TK.res" 216
"..\..\..\Engine\Content\Localization\ICU\icudt53l\en_TO.res" 217
"..\..\..\Engine\Content\Localization\ICU\icudt53l\curr\en_TO.res" 218
"..\..\..\Engine\Content\Localization\ICU\icudt53l\en_TT.res" 219
"..\..\..\Engine\Content\Localization\ICU\icudt53l\curr\en_TT.res" 220
"..\..\..\Engine\Content\Localization\ICU\icudt53l\en_TV.res" 221
"..\..\..\Engine\Content\Localization\ICU\icudt53l\curr\en_TV.res" 222
"..\..\..\Engine\Content\Localization\ICU\icudt53l\en_TZ.res" 223
"..\..\..\Engine\Content\Localization\ICU\icudt53l\curr\en_TZ.res" 224
"..\..\..\Engine\Content\Localization\ICU\icudt53l\en_UG.res" 225
"..\..\..\Engine\Content\Localization\ICU\icudt53l\curr\en_UG.res" 226
"..\..\..\Engine\Content\Localization\ICU\icudt53l\en_UM.res" 227
"..\..\..\Engine\Content\Localization\ICU\icudt53l\coll\en_US.res" 228
"..\..\..\Engine\Content\Localization\ICU\icudt53l\coll\en_US_POSIX.res" 229
"..\..\..\Engine\Content\Localization\ICU\icudt53l\en_US_POSIX.res" 230
"..\..\..\Engine\Content\Localization\ICU\icudt53l\en_VC.res" 231
"..\..\..\Engine\Content\Localization\ICU\icudt53l\curr\en_VC.res" 232
"..\..\..\Engine\Content\Localization\ICU\icudt53l\en_VG.res" 233
"..\..\..\Engine\Content\Localization\ICU\icudt53l\curr\en_VG.res" 234
"..\..\..\Engine\Content\Localization\ICU\icudt53l\en_VI.res" 235
"..\..\..\Engine\Content\Localization\ICU\icudt53l\en_VU.res" 236
"..\..\..\Engine\Content\Localization\ICU\icudt53l\curr\en_VU.res" 237
"..\..\..\Engine\Content\Localization\ICU\icudt53l\en_WS.res" 238
"..\..\..\Engine\Content\Localization\ICU\icudt53l\curr\en_WS.res" 239
"..\..\..\Engine\Content\Localization\ICU\icudt53l\en_ZA.res" 240
"..\..\..\Engine\Content\Localization\ICU\icudt53l\curr\en_ZA.res" 241
"..\..\..\Engine\Content\Localization\ICU\icudt53l\en_ZM.res" 242
"..\..\..\Engine\Content\Localization\ICU\icudt53l\curr\en_ZM.res" 243
"..\..\..\Engine\Content\Localization\ICU\icudt53l\en_ZW.res" 244
"..\..\..\Engine\Content\Localization\ICU\icudt53l\curr\en_ZW.res" 245
"..\..\..\Engine\Content\Localization\ICU\icudt53l\coll\es.res" 246
"..\..\..\Engine\Content\Localization\ICU\icudt53l\es.res" 247
"..\..\..\Engine\Content\Localization\ICU\icudt53l\curr\es.res" 248
"..\..\..\Engine\Content\Localization\ICU\icudt53l\es_ES.res" 249
"..\..\..\Engine\Content\Localization\ICU\icudt53l\es_419.res" 250
"..\..\..\Engine\Content\Localization\ICU\icudt53l\es_AR.res" 251
"..\..\..\Engine\Content\Localization\ICU\icudt53l\curr\es_AR.res" 252
"..\..\..\Engine\Content\Localization\ICU\icudt53l\es_BO.res" 253
"..\..\..\Engine\Content\Localization\ICU\icudt53l\curr\es_BO.res" 254
"..\..\..\Engine\Content\Localization\ICU\icudt53l\es_CL.res" 255
"..\..\..\Engine\Content\Localization\ICU\icudt53l\curr\es_CL.res" 256
"..\..\..\Engine\Content\Localization\ICU\icudt53l\es_CO.res" 257
"..\..\..\Engine\Content\Localization\ICU\icudt53l\curr\es_CO.res" 258
"..\..\..\Engine\Content\Localization\ICU\icudt53l\es_CR.res" 259
"..\..\..\Engine\Content\Localization\ICU\icudt53l\curr\es_CR.res" 260
"..\..\..\Engine\Content\Localization\ICU\icudt53l\es_CU.res" 261
"..\..\..\Engine\Content\Localization\ICU\icudt53l\curr\es_CU.res" 262
"..\..\..\Engine\Content\Localization\ICU\icudt53l\es_DO.res" 263
"..\..\..\Engine\Content\Localization\ICU\icudt53l\curr\es_DO.res" 264
"..\..\..\Engine\Content\Localization\ICU\icudt53l\es_EA.res" 265
"..\..\..\Engine\Content\Localization\ICU\icudt53l\es_EC.res" 266
"..\..\..\Engine\Content\Localization\ICU\icudt53l\curr\es_EC.res" 267
"..\..\..\Engine\Content\Localization\ICU\icudt53l\es_GQ.res" 268
"..\..\..\Engine\Content\Localization\ICU\icudt53l\es_GT.res" 269
"..\..\..\Engine\Content\Localization\ICU\icudt53l\curr\es_GT.res" 270
"..\..\..\Engine\Content\Localization\ICU\icudt53l\es_HN.res" 271
"..\..\..\Engine\Content\Localization\ICU\icudt53l\curr\es_HN.res" 272
"..\..\..\Engine\Content\Localization\ICU\icudt53l\es_IC.res" 273
"..\..\..\Engine\Content\Localization\ICU\icudt53l\es_MX.res" 274
"..\..\..\Engine\Content\Localization\ICU\icudt53l\curr\es_MX.res" 275
"..\..\..\Engine\Content\Localization\ICU\icudt53l\es_NI.res" 276
"..\..\..\Engine\Content\Localization\ICU\icudt53l\curr\es_NI.res" 277
"..\..\..\Engine\Content\Localization\ICU\icudt53l\es_PA.res" 278
"..\..\..\Engine\Content\Localization\ICU\icudt53l\curr\es_PA.res" 279
"..\..\..\Engine\Content\Localization\ICU\icudt53l\es_PE.res" 280
"..\..\..\Engine\Content\Localization\ICU\icudt53l\curr\es_PE.res" 281
"..\..\..\Engine\Content\Localization\ICU\icudt53l\es_PH.res" 282
"..\..\..\Engine\Content\Localization\ICU\icudt53l\curr\es_PH.res" 283
"..\..\..\Engine\Content\Localization\ICU\icudt53l\es_PR.res" 284
"..\..\..\Engine\Content\Localization\ICU\icudt53l\curr\es_PR.res" 285
"..\..\..\Engine\Content\Localization\ICU\icudt53l\es_PY.res" 286
"..\..\..\Engine\Content\Localization\ICU\icudt53l\curr\es_PY.res" 287
"..\..\..\Engine\Content\Localization\ICU\icudt53l\es_SV.res" 288
"..\..\..\Engine\Content\Localization\ICU\icudt53l\curr\es_SV.res" 289
"..\..\..\Engine\Content\Localization\ICU\icudt53l\es_US.res" 290
"..\..\..\Engine\Content\Localization\ICU\icudt53l\curr\es_US.res" 291
"..\..\..\Engine\Content\Localization\ICU\icudt53l\es_UY.res" 292
"..\..\..\Engine\Content\Localization\ICU\icudt53l\curr\es_UY.res" 293
"..\..\..\Engine\Content\Localization\ICU\icudt53l\es_VE.res" 294
"..\..\..\Engine\Content\Localization\ICU\icudt53l\curr\es_VE.res" 295
"..\..\..\Engine\Content\Localization\ICU\icudt53l\coll\fr.res" 296
"..\..\..\Engine\Content\Localization\ICU\icudt53l\fr.res" 297
"..\..\..\Engine\Content\Localization\ICU\icudt53l\curr\fr.res" 298
"..\..\..\Engine\Content\Localization\ICU\icudt53l\fr_FR.res" 299
"..\..\..\Engine\Content\Localization\ICU\icudt53l\fr_BE.res" 300
"..\..\..\Engine\Content\Localization\ICU\icudt53l\fr_BF.res" 301
"..\..\..\Engine\Content\Localization\ICU\icudt53l\fr_BI.res" 302
"..\..\..\Engine\Content\Localization\ICU\icudt53l\curr\fr_BI.res" 303
"..\..\..\Engine\Content\Localization\ICU\icudt53l\fr_BJ.res" 304
"..\..\..\Engine\Content\Localization\ICU\icudt53l\fr_BL.res" 305
"..\..\..\Engine\Content\Localization\ICU\icudt53l\coll\fr_CA.res" 306
"..\..\..\Engine\Content\Localization\ICU\icudt53l\fr_CA.res" 307
"..\..\..\Engine\Content\Localization\ICU\icudt53l\curr\fr_CA.res" 308
"..\..\..\Engine\Content\Localization\ICU\icudt53l\fr_CD.res" 309
"..\..\..\Engine\Content\Localization\ICU\icudt53l\curr\fr_CD.res" 310
"..\..\..\Engine\Content\Localization\ICU\icudt53l\fr_CF.res" 311
"..\..\..\Engine\Content\Localization\ICU\icudt53l\fr_CG.res" 312
"..\..\..\Engine\Content\Localization\ICU\icudt53l\fr_CH.res" 313
"..\..\..\Engine\Content\Localization\ICU\icudt53l\curr\fr_CH.res" 314
"..\..\..\Engine\Content\Localization\ICU\icudt53l\fr_CI.res" 315
"..\..\..\Engine\Content\Localization\ICU\icudt53l\fr_CM.res" 316
"..\..\..\Engine\Content\Localization\ICU\icudt53l\fr_DJ.res" 317
"..\..\..\Engine\Content\Localization\ICU\icudt53l\curr\fr_DJ.res" 318
"..\..\..\Engine\Content\Localization\ICU\icudt53l\fr_DZ.res" 319
"..\..\..\Engine\Content\Localization\ICU\icudt53l\curr\fr_DZ.res" 320
"..\..\..\Engine\Content\Localization\ICU\icudt53l\fr_GA.res" 321
"..\..\..\Engine\Content\Localization\ICU\icudt53l\fr_GF.res" 322
"..\..\..\Engine\Content\Localization\ICU\icudt53l\fr_GN.res" 323
"..\..\..\Engine\Content\Localization\ICU\icudt53l\curr\fr_GN.res" 324
"..\..\..\Engine\Content\Localization\ICU\icudt53l\fr_GP.res" 325
"..\..\..\Engine\Content\Localization\ICU\icudt53l\fr_GQ.res" 326
"..\..\..\Engine\Content\Localization\ICU\icudt53l\fr_HT.res" 327
"..\..\..\Engine\Content\Localization\ICU\icudt53l\curr\fr_HT.res" 328
"..\..\..\Engine\Content\Localization\ICU\icudt53l\fr_KM.res" 329
"..\..\..\Engine\Content\Localization\ICU\icudt53l\curr\fr_KM.res" 330
"..\..\..\Engine\Content\Localization\ICU\icudt53l\fr_LU.res" 331
"..\..\..\Engine\Content\Localization\ICU\icudt53l\curr\fr_LU.res" 332
"..\..\..\Engine\Content\Localization\ICU\icudt53l\fr_MA.res" 333
"..\..\..\Engine\Content\Localization\ICU\icudt53l\fr_MC.res" 334
"..\..\..\Engine\Content\Localization\ICU\icudt53l\fr_MF.res" 335
"..\..\..\Engine\Content\Localization\ICU\icudt53l\fr_MG.res" 336
"..\..\..\Engine\Content\Localization\ICU\icudt53l\curr\fr_MG.res" 337
"..\..\..\Engine\Content\Localization\ICU\icudt53l\fr_ML.res" 338
"..\..\..\Engine\Content\Localization\ICU\icudt53l\fr_MQ.res" 339
"..\..\..\Engine\Content\Localization\ICU\icudt53l\fr_MR.res" 340
"..\..\..\Engine\Content\Localization\ICU\icudt53l\curr\fr_MR.res" 341
"..\..\..\Engine\Content\Localization\ICU\icudt53l\fr_MU.res" 342
"..\..\..\Engine\Content\Localization\ICU\icudt53l\curr\fr_MU.res" 343
"..\..\..\Engine\Content\Localization\ICU\icudt53l\fr_NC.res" 344
"..\..\..\Engine\Content\Localization\ICU\icudt53l\fr_NE.res" 345
"..\..\..\Engine\Content\Localization\ICU\icudt53l\fr_PF.res" 346
"..\..\..\Engine\Content\Localization\ICU\icudt53l\fr_PM.res" 347
"..\..\..\Engine\Content\Localization\ICU\icudt53l\fr_RE.res" 348
"..\..\..\Engine\Content\Localization\ICU\icudt53l\fr_RW.res" 349
"..\..\..\Engine\Content\Localization\ICU\icudt53l\curr\fr_RW.res" 350
"..\..\..\Engine\Content\Localization\ICU\icudt53l\fr_SC.res" 351
"..\..\..\Engine\Content\Localization\ICU\icudt53l\curr\fr_SC.res" 352
"..\..\..\Engine\Content\Localization\ICU\icudt53l\fr_SN.res" 353
"..\..\..\Engine\Content\Localization\ICU\icudt53l\fr_SY.res" 354
"..\..\..\Engine\Content\Localization\ICU\icudt53l\curr\fr_SY.res" 355
"..\..\..\Engine\Content\Localization\ICU\icudt53l\fr_TD.res" 356
"..\..\..\Engine\Content\Localization\ICU\icudt53l\fr_TG.res" 357
"..\..\..\Engine\Content\Localization\ICU\icudt53l\fr_TN.res" 358
"..\..\..\Engine\Content\Localization\ICU\icudt53l\curr\fr_TN.res" 359
"..\..\..\Engine\Content\Localization\ICU\icudt53l\fr_VU.res" 360
"..\..\..\Engine\Content\Localization\ICU\icudt53l\curr\fr_VU.res" 361
"..\..\..\Engine\Content\Localization\ICU\icudt53l\fr_WF.res" 362
"..\..\..\Engine\Content\Localization\ICU\icudt53l\fr_YT.res" 363
"..\..\..\Engine\Content\Localization\ICU\icudt53l\coll\hi.res" 364
"..\..\..\Engine\Content\Localization\ICU\icudt53l\hi.res" 365
"..\..\..\Engine\Content\Localization\ICU\icudt53l\curr\hi.res" 366
